<?xml version="1.0" encoding="UTF-8"?>
<!-- Generated by org.testng.reporters.JUnitReportReporter -->
<testsuite hostname="DESKTOP-58RE0M7" failures="0" tests="5" name="com.vyasasti.pom.testclass.MyAccountPageTest" time="4.525" errors="0" timestamp="2022-12-06T08:22:43 IST" skipped="0">
  <testcase classname="com.vyasasti.pom.testclass.MyAccountPageTest" name="verifyTitleofPage" time="0.470"/>
  <system-out/>
  <testcase classname="com.vyasasti.pom.testclass.MyAccountPageTest" name="VerifyLostPassworddisplay" time="0.623"/>
  <system-out/>
  <testcase classname="com.vyasasti.pom.testclass.MyAccountPageTest" name="verifyLoginHeaderDisplayed" time="0.058"/>
  <system-out/>
  <testcase classname="com.vyasasti.pom.testclass.MyAccountPageTest" name="verifyPasswordLostLinkEnabled" time="0.285"/>
  <system-out/>
  <testcase classname="com.vyasasti.pom.testclass.MyAccountPageTest" name="verifyLoginSuccess" time="3.089"/>
  <system-out/>
</testsuite> <!-- com.vyasasti.pom.testclass.MyAccountPageTest -->
