<?xml version="1.0" encoding="UTF-8"?>
<!-- Generated by org.testng.reporters.JUnitReportReporter -->
<testsuite hostname="DESKTOP-58RE0M7" failures="0" tests="1" name="com.vyasasti.pom.testclass.ShopPageTest" time="0.003" errors="0" timestamp="2022-12-06T07:29:06 IST" skipped="0">
  <testcase classname="com.vyasasti.pom.testclass.ShopPageTest" name="TestCase11" time="0.003"/>
  <system-out/>
</testsuite> <!-- com.vyasasti.pom.testclass.ShopPageTest -->
